2020-06-18 20:05:19,588 - Menu - DEBUG - Esto es un debug
2020-06-18 20:05:19,588 - Menu - DEBUG - Cliente, 1
2020-06-18 20:05:19,588 - Menu - DEBUG - Empleado, 2
2020-06-18 20:05:31,554 - Menu - DEBUG - Esto es un debug
2020-06-18 20:05:31,554 - Menu - DEBUG - Marcar Ingreso, 1
2020-06-18 20:05:31,554 - Menu - DEBUG - Marcar Salida, 2
2020-06-18 20:05:31,554 - Menu - DEBUG - Cargar Inventario, 3
2020-06-18 20:05:43,986 - Menu - DEBUG - Esto es un debug
2020-06-18 20:05:43,986 - Menu - DEBUG - Marcar Ingreso, 1
2020-06-18 20:05:43,987 - Menu - DEBUG - Marcar Salida, 2
2020-06-18 20:05:43,987 - Menu - DEBUG - Cargar Inventario, 3
2020-06-18 20:05:49,016 - Menu - DEBUG - Esto es un debug
2020-06-18 20:05:49,016 - Menu - DEBUG - Marcar Ingreso, 1
2020-06-18 20:05:49,019 - Menu - DEBUG - Marcar Salida, 2
2020-06-18 20:05:49,019 - Menu - DEBUG - Cargar Inventario, 3
2020-06-18 20:06:24,160 - Producto - INFO - Se creo un producto
2020-06-18 20:07:13,115 - Menu - DEBUG - Esto es un debug
2020-06-18 20:07:13,115 - Menu - DEBUG - Cliente, 1
2020-06-18 20:07:13,115 - Menu - DEBUG - Empleado, 2
2020-06-18 20:07:20,749 - Menu - DEBUG - Esto es un debug
2020-06-18 20:07:20,749 - Menu - DEBUG - Marcar Ingreso, 1
2020-06-18 20:07:20,749 - Menu - DEBUG - Marcar Salida, 2
2020-06-18 20:07:20,749 - Menu - DEBUG - Cargar Inventario, 3
2020-06-18 20:07:35,806 - Producto - INFO - Se creo un producto
2020-06-18 20:08:58,594 - Menu - DEBUG - Esto es un debug
2020-06-18 20:08:58,594 - Menu - DEBUG - Cliente, 1
2020-06-18 20:08:58,594 - Menu - DEBUG - Empleado, 2
2020-06-18 20:09:17,609 - Menu - DEBUG - Esto es un debug
2020-06-18 20:09:17,609 - Menu - DEBUG - Cliente, 1
2020-06-18 20:09:17,609 - Menu - DEBUG - Empleado, 2
2020-06-18 20:10:50,091 - Menu - DEBUG - Esto es un debug
2020-06-18 20:10:50,091 - Menu - DEBUG - Cliente, 1
2020-06-18 20:10:50,091 - Menu - DEBUG - Empleado, 2
2020-06-18 20:10:58,458 - Menu - DEBUG - Esto es un debug
2020-06-18 20:10:58,458 - Menu - DEBUG - Cliente, 1
2020-06-18 20:10:58,458 - Menu - DEBUG - Empleado, 2
