2020-06-18 20:26:09,131 - Menu - DEBUG - Esto es un debug
2020-06-18 20:26:09,140 - Menu - DEBUG - Cliente, 1
2020-06-18 20:26:09,140 - Menu - DEBUG - Empleado, 2
2020-06-18 20:27:57,147 - Menu - DEBUG - Esto es un debug
2020-06-18 20:27:57,147 - Menu - DEBUG - Comprar, 1
2020-06-18 20:27:57,147 - Menu - DEBUG - Devolver, 2
2020-06-21 19:47:56,966 - INIT - DEBUG - [Errno 2] No such file or directory: 'Productos.txt'
2020-06-21 19:47:57,055 - INIT - ERROR - the JSON object must be str, bytes or bytearray, not FileNotFoundError
2020-06-21 19:48:17,724 - Producto - INFO - Se creo un producto
2020-06-21 19:48:17,726 - fileManager - DEBUG - E:\BACKEND-PAQ\git-repositorio2\PachaQTecMayo2020\Productos.txt
2020-06-21 19:48:17,726 - fileManager - DEBUG - E:\BACKEND-PAQ\git-repositorio2\PachaQTecMayo2020\Productos.txt
2020-06-21 19:48:21,779 - INIT - DEBUG - ingreso a la opcion 2 de menuProducto
2020-06-21 19:48:34,464 - Menu - DEBUG - No escoje opion
2020-06-21 19:48:40,195 - Menu - DEBUG - No escoje opion
2020-06-21 19:49:27,967 - INIT - DEBUG - [Errno 2] No such file or directory: 'Productos.txt'
2020-06-21 19:49:27,967 - INIT - ERROR - the JSON object must be str, bytes or bytearray, not FileNotFoundError
2020-06-21 19:49:35,188 - Menu - DEBUG - No escoje opion
2020-06-21 19:49:49,400 - Menu - ERROR - invalid literal for int() with base 10: 'C:/Users/MARTIN/AppData/Local/Programs/Python/Python37/python.exe e:/BACKEND-PAQ/git-repositorio2/PachaQTecMayo2020/Semana4Hackaton/martinperez/init.py'
2020-06-21 19:49:49,403 - Menu - DEBUG - No escoje opion
2020-06-21 22:06:51,519 - INIT - ERROR - the JSON object must be str, bytes or bytearray, not FileNotFoundError
2020-06-21 22:06:51,519 - INIT - ERROR - the JSON object must be str, bytes or bytearray, not FileNotFoundError
2020-06-21 22:06:51,519 - INIT - ERROR - the JSON object must be str, bytes or bytearray, not FileNotFoundError
2020-06-21 22:08:43,903 - INIT - ERROR - the JSON object must be str, bytes or bytearray, not FileNotFoundError
2020-06-21 22:08:43,903 - INIT - ERROR - the JSON object must be str, bytes or bytearray, not FileNotFoundError
2020-06-21 22:08:43,903 - INIT - ERROR - the JSON object must be str, bytes or bytearray, not FileNotFoundError
2020-06-21 22:08:58,985 - Producto - INFO - Se creo un producto
2020-06-21 22:08:58,986 - fileManager - DEBUG - E:\BACKEND-PAQ\git-repositorio2\PachaQTecMayo2020\Productos.txt
2020-06-21 22:08:58,986 - fileManager - DEBUG - E:\BACKEND-PAQ\git-repositorio2\PachaQTecMayo2020\Productos.txt
2020-06-21 22:08:58,988 - INIT - ERROR - 'Producto' object is not iterable
2020-06-21 22:09:39,864 - Menu - ERROR - invalid literal for int() with base 10: 'C:/Users/MARTIN/AppData/Local/Programs/Python/Python37/python.exe e:/BACKEND-PAQ/git-repositorio2/PachaQTecMayo2020/Semana4Hackaton/martinperez/init.py'
2020-06-21 22:09:39,864 - Menu - DEBUG - No escoje opion
2020-06-21 22:09:46,009 - Menu - ERROR - invalid literal for int() with base 10: 'das'
2020-06-21 22:09:46,011 - Menu - DEBUG - No escoje opion
2020-06-21 22:09:57,601 - INIT - ERROR - 'nombreProducto'
2020-06-21 22:09:57,601 - INIT - ERROR - the JSON object must be str, bytes or bytearray, not FileNotFoundError
2020-06-21 22:09:57,603 - INIT - ERROR - the JSON object must be str, bytes or bytearray, not FileNotFoundError
2020-06-21 22:10:46,942 - INIT - ERROR - 'nombreProducto'
2020-06-21 22:10:46,942 - INIT - ERROR - the JSON object must be str, bytes or bytearray, not FileNotFoundError
2020-06-21 22:10:46,942 - INIT - ERROR - the JSON object must be str, bytes or bytearray, not FileNotFoundError
2020-06-21 22:11:19,065 - INIT - ERROR - 'nombreProducto'
2020-06-21 22:11:19,067 - INIT - ERROR - the JSON object must be str, bytes or bytearray, not FileNotFoundError
2020-06-21 22:11:19,067 - INIT - ERROR - the JSON object must be str, bytes or bytearray, not FileNotFoundError
2020-06-21 22:12:09,752 - Producto - INFO - Se creo un producto
2020-06-21 22:12:09,752 - fileManager - DEBUG - E:\BACKEND-PAQ\git-repositorio2\PachaQTecMayo2020\Productos.txt
2020-06-21 22:12:09,752 - fileManager - DEBUG - removiendo archivo
2020-06-21 22:12:09,753 - fileManager - DEBUG - E:\BACKEND-PAQ\git-repositorio2\PachaQTecMayo2020\Productos.txt
2020-06-21 22:12:09,753 - INIT - ERROR - 'Producto' object is not iterable
2020-06-21 22:12:39,558 - Menu - DEBUG - No escoje opion
2020-06-21 22:13:29,222 - INIT - ERROR - 'nombreProducto'
2020-06-21 22:13:29,223 - INIT - ERROR - the JSON object must be str, bytes or bytearray, not FileNotFoundError
2020-06-21 22:13:29,223 - INIT - ERROR - the JSON object must be str, bytes or bytearray, not FileNotFoundError
2020-06-21 22:13:57,983 - INIT - ERROR - 'nombreProducto'
2020-06-21 22:13:57,983 - INIT - ERROR - the JSON object must be str, bytes or bytearray, not FileNotFoundError
2020-06-21 22:13:57,983 - INIT - ERROR - the JSON object must be str, bytes or bytearray, not FileNotFoundError
2020-06-21 22:14:10,683 - Producto - INFO - Se creo un producto
2020-06-21 22:14:10,684 - fileManager - DEBUG - E:\BACKEND-PAQ\git-repositorio2\PachaQTecMayo2020\Productos.txt
2020-06-21 22:14:10,684 - fileManager - DEBUG - removiendo archivo
2020-06-21 22:14:10,684 - fileManager - DEBUG - E:\BACKEND-PAQ\git-repositorio2\PachaQTecMayo2020\Productos.txt
2020-06-21 22:14:10,688 - INIT - ERROR - 'Producto' object is not iterable
2020-07-05 18:37:57,531 - INIT - INFO - inicio del programa
2020-07-05 18:38:13,745 - INIT - DEBUG - Mostramos el Menu crear Factura
2020-07-05 18:38:17,797 - INIT - DEBUG - Mostramos los Mantenimientos
2020-07-05 18:38:53,416 - INIT - DEBUG - escogio 1
2020-07-05 18:38:59,277 - INIT - DEBUG - buscamos cliente
2020-07-05 18:39:06,967 - INIT - DEBUG - Mostramos los Mantenimientos
2020-07-05 18:39:08,352 - INIT - DEBUG - escogio 2
2020-07-05 18:39:10,704 - INIT - DEBUG - Mostramos los Mantenimientos
2020-07-05 18:39:12,078 - INIT - DEBUG - escogio 3
2020-07-05 18:39:13,744 - INIT - DEBUG - Mostramos los Mantenimientos
2020-07-05 18:39:15,367 - INIT - DEBUG - escogio 4
2020-07-05 18:39:18,015 - INIT - DEBUG - Mostramos los Mantenimientos
2020-07-05 18:39:19,547 - INIT - DEBUG - escogio 1
2020-07-05 18:39:21,472 - INIT - DEBUG - buscamos cliente por DNI
2020-07-05 18:39:27,856 - INIT - DEBUG - Mostramos los Mantenimientos
2020-07-05 18:39:30,879 - INIT - DEBUG - escogio 3
2020-07-05 18:39:36,224 - INIT - DEBUG - Mostramos los Mantenimientos
2020-07-05 18:39:38,111 - INIT - DEBUG - escogio 1
2020-07-05 18:39:58,319 - INIT - DEBUG - Mostramos los Mantenimientos
2020-07-05 18:39:59,656 - INIT - DEBUG - escogio 1
2020-07-05 18:40:06,421 - INIT - DEBUG - buscamos cliente
2020-07-05 18:51:54,991 - INIT - DEBUG - finalizar Programa
2020-07-05 18:51:56,623 - INIT - DEBUG - finalizar Programa
2020-07-05 18:51:57,599 - INIT - DEBUG - finalizar Programa
2020-07-05 18:51:58,355 - INIT - DEBUG - finalizar Programa
2020-07-05 18:51:58,927 - INIT - DEBUG - finalizar Programa
2020-07-05 18:51:59,768 - Menu - DEBUG - No escoje opion
2020-07-05 18:52:10,751 - INIT - DEBUG - finalizar Programa
2020-07-05 20:58:08,659 - INIT - INFO - inicio del programa
2020-07-05 20:58:13,900 - INIT - DEBUG - Mostramos los Mantenimientos
2020-07-05 20:58:17,857 - INIT - DEBUG - escogio 1
2020-07-05 20:58:20,011 - INIT - DEBUG - buscamos cliente
2020-07-05 20:58:23,840 - INIT - DEBUG - finalizar Programa
2020-07-05 20:58:36,474 - INIT - INFO - inicio del programa
2020-07-05 20:58:40,257 - INIT - DEBUG - Mostramos los Mantenimientos
2020-07-05 20:58:41,190 - INIT - DEBUG - escogio 1
2020-07-05 20:58:42,332 - INIT - DEBUG - buscamos cliente
2020-07-05 20:58:48,136 - INIT - DEBUG - finalizar Programa
2020-07-05 21:07:49,204 - INIT - INFO - inicio del programa
2020-07-05 21:07:53,944 - INIT - DEBUG - Mostramos el Menu crear Factura
2020-07-05 21:08:22,150 - INIT - DEBUG - finalizar Programa
2020-07-05 21:08:25,648 - INIT - INFO - inicio del programa
2020-07-05 21:08:28,199 - INIT - DEBUG - Mostramos el Menu crear Factura
2020-07-05 21:11:02,447 - INIT - INFO - inicio del programa
2020-07-05 21:11:06,943 - INIT - DEBUG - Mostramos el Menu crear Factura
2020-07-05 21:11:31,741 - INIT - INFO - inicio del programa
2020-07-05 21:11:35,304 - INIT - DEBUG - Mostramos el Menu crear Factura
2020-07-05 21:13:08,459 - INIT - DEBUG - finalizar Programa
2020-07-05 21:13:16,745 - INIT - INFO - inicio del programa
2020-07-05 21:13:18,713 - INIT - DEBUG - Mostramos el Menu crear Factura
2020-07-05 21:13:48,623 - INIT - DEBUG - finalizar Programa
2020-07-05 21:15:59,216 - INIT - INFO - inicio del programa
2020-07-05 21:16:28,470 - INIT - DEBUG - finalizar Programa
2020-07-05 21:16:30,931 - INIT - INFO - inicio del programa
2020-07-05 21:16:38,463 - INIT - DEBUG - Mostramos el Menu crear Factura
2020-07-05 21:17:46,017 - INIT - DEBUG - finalizar Programa
2020-07-05 23:16:24,708 - INIT - INFO - inicio del programa
2020-07-05 23:16:28,819 - INIT - DEBUG - Mostramos los Mantenimientos
2020-07-05 23:16:30,184 - INIT - DEBUG - escogio 1 - Clientes
2020-07-05 23:16:32,088 - INIT - DEBUG - mostrando cliente
2020-07-05 23:16:38,501 - INIT - DEBUG - buscamos cliente por DNI
2020-07-05 23:17:09,131 - INIT - INFO - inicio del programa
2020-07-05 23:17:13,228 - INIT - DEBUG - Mostramos los Mantenimientos
2020-07-05 23:17:18,827 - INIT - DEBUG - escogio 1 - Clientes
2020-07-05 23:17:20,767 - INIT - DEBUG - buscamos cliente por DNI
2020-07-05 23:17:28,205 - INIT - DEBUG - buscamos cliente por DNI
2020-07-05 23:18:03,177 - INIT - DEBUG - finalizar Programa
2020-07-05 23:18:30,577 - INIT - INFO - inicio del programa
2020-07-05 23:18:37,712 - INIT - DEBUG - Mostramos los Mantenimientos
2020-07-05 23:18:39,479 - INIT - DEBUG - escogio 1 - Clientes
2020-07-05 23:18:40,992 - INIT - DEBUG - buscamos cliente por DNI
2020-07-05 23:19:20,462 - INIT - DEBUG - finalizar Programa
2020-07-05 23:19:26,975 - INIT - INFO - inicio del programa
2020-07-05 23:19:31,549 - INIT - DEBUG - Mostramos los Mantenimientos
2020-07-05 23:19:33,189 - INIT - DEBUG - escogio 1 - Clientes
2020-07-05 23:19:35,135 - INIT - DEBUG - buscamos cliente por DNI
2020-07-05 23:19:49,143 - INIT - DEBUG - buscamos cliente por DNI
2020-07-05 23:20:04,816 - INIT - DEBUG - finalizar Programa
2020-07-05 23:30:08,013 - INIT - INFO - inicio del programa
2020-07-05 23:30:12,496 - INIT - DEBUG - Mostramos los Mantenimientos
2020-07-05 23:30:13,991 - INIT - DEBUG - escogio 1 - Clientes
2020-07-05 23:30:15,492 - INIT - DEBUG - mostrando cliente
2020-07-05 23:30:37,985 - INIT - DEBUG - mostrando cliente
2020-07-05 23:31:12,991 - INIT - DEBUG - mostrando cliente
2020-07-05 23:31:20,719 - INIT - DEBUG - mostrando cliente
2020-07-05 23:31:22,538 - INIT - DEBUG - mostrando cliente
2020-07-05 23:31:26,260 - INIT - DEBUG - mostrando cliente
2020-07-05 23:33:03,250 - INIT - DEBUG - finalizar Programa
2020-07-05 23:33:06,613 - INIT - INFO - inicio del programa
2020-07-05 23:33:08,650 - INIT - DEBUG - Mostramos los Mantenimientos
2020-07-05 23:33:09,878 - INIT - DEBUG - escogio 1 - Clientes
2020-07-05 23:33:11,621 - INIT - DEBUG - mostrando cliente
2020-07-05 23:33:15,207 - INIT - DEBUG - mostrando cliente
2020-07-05 23:37:24,702 - INIT - DEBUG - finalizar Programa
2020-07-05 23:37:27,725 - INIT - INFO - inicio del programa
2020-07-05 23:37:29,884 - INIT - DEBUG - Mostramos los Mantenimientos
2020-07-05 23:37:31,853 - INIT - DEBUG - escogio 1 - Clientes
2020-07-05 23:37:35,493 - INIT - DEBUG - mostrando cliente
2020-07-05 23:37:38,030 - INIT - DEBUG - mostrando cliente
2020-07-05 23:37:40,301 - INIT - DEBUG - mostrando cliente
2020-07-05 23:37:47,319 - INIT - DEBUG - buscamos cliente por DNI
2020-07-05 23:37:57,637 - INIT - DEBUG - buscamos cliente
2020-07-05 23:38:39,455 - INIT - DEBUG - mostrando cliente
2020-07-05 23:41:26,407 - INIT - DEBUG - finalizar Programa
2020-07-05 23:41:38,735 - INIT - INFO - inicio del programa
2020-07-05 23:41:42,434 - INIT - DEBUG - Mostramos los Mantenimientos
2020-07-05 23:41:44,857 - INIT - DEBUG - escogio 1 - Clientes
2020-07-05 23:41:49,825 - INIT - DEBUG - buscamos cliente
2020-07-05 23:43:17,696 - INIT - INFO - inicio del programa
2020-07-05 23:43:20,406 - INIT - DEBUG - Mostramos los Mantenimientos
2020-07-05 23:43:21,098 - INIT - DEBUG - escogio 1 - Clientes
2020-07-05 23:43:22,514 - INIT - DEBUG - mostrando cliente
2020-07-05 23:43:25,576 - INIT - DEBUG - buscamos cliente
2020-07-05 23:47:39,081 - INIT - INFO - inicio del programa
2020-07-05 23:47:42,757 - INIT - DEBUG - Mostramos los Mantenimientos
2020-07-05 23:47:44,069 - INIT - DEBUG - escogio 1 - Clientes
2020-07-05 23:47:46,183 - INIT - DEBUG - buscamos cliente
2020-07-05 23:48:05,182 - INIT - DEBUG - mostrando cliente
2020-07-05 23:48:09,146 - INIT - DEBUG - buscamos cliente por DNI
2020-07-06 00:07:20,981 - Menu - ERROR - invalid literal for int() with base 10: 'C:/Users/MARTIN/AppData/Local/Programs/Python/Python37/python.exe e:/BACKEND-PAQ/git-repositorio2/PachaQTecMayo2020/Semana6Hackaton/martinperez/app/init.py'
2020-07-06 00:07:20,981 - Menu - DEBUG - No escoje opion
2020-07-06 00:07:27,375 - INIT - DEBUG - finalizar Programa
2020-07-06 00:07:32,961 - INIT - INFO - inicio del programa
2020-07-06 00:07:36,088 - INIT - DEBUG - Mostramos los Mantenimientos
2020-07-06 00:07:38,571 - INIT - DEBUG - escogio 1 - Clientes
2020-07-06 00:08:17,238 - INIT - DEBUG - mostrando cliente
2020-07-06 00:08:22,579 - INIT - DEBUG - buscamos cliente por DNI
2020-07-06 00:08:31,653 - INIT - DEBUG - buscamos cliente
2020-07-06 00:08:54,704 - INIT - DEBUG - buscamos cliente
2020-07-06 00:10:35,374 - INIT - INFO - inicio del programa
2020-07-06 00:10:41,109 - INIT - DEBUG - Mostramos los Mantenimientos
2020-07-06 00:10:42,261 - INIT - DEBUG - escogio 1 - Clientes
2020-07-06 00:10:44,477 - INIT - DEBUG - mostrando cliente
2020-07-06 00:10:47,999 - INIT - DEBUG - buscamos cliente
2020-07-06 00:11:00,157 - INIT - DEBUG - mostrando cliente
2020-07-06 00:12:13,966 - INIT - DEBUG - finalizar Programa
2020-07-06 00:12:18,395 - INIT - INFO - inicio del programa
2020-07-06 00:12:20,222 - INIT - DEBUG - Mostramos los Mantenimientos
2020-07-06 00:12:21,383 - INIT - DEBUG - escogio 1 - Clientes
2020-07-06 00:12:24,781 - INIT - DEBUG - buscamos cliente
2020-07-06 00:12:33,365 - INIT - DEBUG - buscamos cliente
2020-07-06 00:13:22,207 - INIT - DEBUG - mostrando cliente
2020-07-06 00:13:50,499 - INIT - DEBUG - mostrando cliente
2020-07-06 00:13:57,285 - INIT - DEBUG - eliminamos cliente
2020-07-06 00:14:03,509 - INIT - DEBUG - mostrando cliente
2020-07-06 00:15:39,610 - INIT - DEBUG - Mostramos los Mantenimientos
2020-07-06 00:15:42,346 - INIT - DEBUG - escogio 1 - Clientes
2020-07-06 00:15:49,166 - INIT - DEBUG - finalizar Programa
2020-07-06 00:47:56,266 - INIT - INFO - inicio del programa
2020-07-06 00:47:58,230 - INIT - DEBUG - Mostramos los Mantenimientos
2020-07-06 00:47:59,303 - INIT - DEBUG - escogio 2 - Productos
2020-07-06 00:48:01,223 - INIT - DEBUG - mostrando productos
2020-07-06 00:48:05,064 - INIT - DEBUG - buscamos Producto por nombre
2020-07-06 00:48:09,495 - INIT - DEBUG - actualizar producto
2020-07-06 00:48:57,696 - INIT - DEBUG - mostrando productos
2020-07-06 00:50:20,581 - INIT - DEBUG - finalizar Programa
2020-07-06 00:50:23,203 - INIT - INFO - inicio del programa
2020-07-06 00:50:30,333 - INIT - DEBUG - Mostramos los Mantenimientos
2020-07-06 00:50:32,817 - INIT - DEBUG - escogio 2 - Productos
2020-07-06 00:50:35,664 - INIT - DEBUG - mostrando productos
2020-07-06 00:50:39,879 - INIT - DEBUG - mostrando productos
2020-07-06 00:51:04,743 - INIT - DEBUG - mostrando productos
2020-07-06 00:51:14,461 - INIT - DEBUG - finalizar Programa
2020-07-06 00:52:18,890 - INIT - INFO - inicio del programa
2020-07-06 00:52:20,776 - INIT - DEBUG - Mostramos los Mantenimientos
2020-07-06 00:52:22,231 - INIT - DEBUG - escogio 2 - Productos
2020-07-06 00:52:23,224 - INIT - DEBUG - mostrando productos
2020-07-06 00:52:42,954 - INIT - DEBUG - actualizar producto
2020-07-06 00:55:33,685 - INIT - INFO - inicio del programa
2020-07-06 00:55:37,269 - INIT - DEBUG - Mostramos los Mantenimientos
2020-07-06 00:55:39,181 - INIT - DEBUG - escogio 2 - Productos
2020-07-06 00:55:41,104 - INIT - DEBUG - mostrando productos
2020-07-06 00:55:47,272 - INIT - DEBUG - buscamos Producto por nombre
2020-07-06 00:55:54,135 - INIT - DEBUG - actualizar producto
2020-07-06 00:56:09,527 - INIT - DEBUG - mostrando productos
2020-07-06 00:56:27,831 - INIT - DEBUG - mostrando productos
2020-07-06 00:56:34,197 - INIT - DEBUG - actualizar producto
2020-07-06 00:56:52,785 - INIT - DEBUG - mostrando productos
2020-07-06 00:57:10,293 - INIT - DEBUG - mostrando productos
2020-07-06 00:57:16,568 - INIT - DEBUG - eliminamos producto
2020-07-06 00:58:40,413 - INIT - INFO - inicio del programa
2020-07-06 00:58:46,103 - Menu - ERROR - invalid literal for int() with base 10: 'C:/Users/MARTIN/AppData/Local/Programs/Python/Python37/python.exe e:/BACKEND-PAQ/git-repositorio2/PachaQTecMayo2020/Semana6Hackaton/martinperez/app/init.py'
2020-07-06 00:58:46,105 - Menu - DEBUG - No escoje opion
2020-07-06 00:59:36,289 - Menu - ERROR - invalid literal for int() with base 10: 'C:/Users/MARTIN/AppData/Local/Programs/Python/Python37/python.exe e:/BACKEND-PAQ/git-repositorio2/PachaQTecMayo2020/Semana6Hackaton/martinperez/app/init.py'
2020-07-06 00:59:36,289 - Menu - DEBUG - No escoje opion
2020-07-06 00:59:40,975 - INIT - DEBUG - finalizar Programa
2020-07-06 00:59:46,557 - INIT - INFO - inicio del programa
2020-07-06 00:59:49,451 - INIT - DEBUG - Mostramos los Mantenimientos
2020-07-06 00:59:52,269 - INIT - DEBUG - escogio 2 - Productos
2020-07-06 00:59:54,048 - INIT - DEBUG - mostrando productos
2020-07-06 01:00:04,686 - INIT - DEBUG - mostrando productos
2020-07-06 01:00:07,904 - INIT - DEBUG - eliminamos producto
2020-07-06 01:01:36,022 - INIT - INFO - inicio del programa
2020-07-06 01:01:38,241 - INIT - DEBUG - Mostramos los Mantenimientos
2020-07-06 01:01:39,304 - INIT - DEBUG - escogio 2 - Productos
2020-07-06 01:01:41,485 - INIT - DEBUG - eliminamos producto
2020-07-06 01:01:45,216 - INIT - DEBUG - mostrando productos
2020-07-06 01:01:51,213 - INIT - DEBUG - finalizar Programa
2020-07-06 01:25:08,768 - INIT - INFO - inicio del programa
2020-07-06 01:25:11,881 - INIT - DEBUG - Mostramos los Mantenimientos
2020-07-06 01:25:13,886 - INIT - DEBUG - escogio 3 - Empresa
2020-07-06 01:25:19,006 - INIT - DEBUG - escogio 3 - Empresa
2020-07-06 01:25:21,863 - INIT - DEBUG - finalizar Programa
2020-07-06 01:25:42,896 - INIT - INFO - inicio del programa
2020-07-06 01:25:48,198 - INIT - DEBUG - Mostramos los Mantenimientos
2020-07-06 01:25:49,871 - INIT - DEBUG - escogio 3 - Empresa
2020-07-06 01:25:51,399 - INIT - DEBUG - mostrando empresas
2020-07-06 01:25:54,005 - INIT - DEBUG - buscamos empresas por nombre
2020-07-06 01:26:02,536 - INIT - DEBUG - actualizar empresa
2020-07-06 01:26:26,512 - INIT - DEBUG - mostrando empresas
2020-07-06 01:26:56,861 - INIT - DEBUG - mostrando empresas
2020-07-06 01:26:59,326 - INIT - DEBUG - buscamos empresas por nombre
2020-07-06 01:27:06,989 - INIT - DEBUG - actualizar empresa
2020-07-06 01:28:58,762 - INIT - INFO - inicio del programa
2020-07-06 01:29:01,169 - INIT - DEBUG - Mostramos los Mantenimientos
2020-07-06 01:29:02,775 - INIT - DEBUG - escogio 3 - Empresa
2020-07-06 01:29:04,752 - INIT - DEBUG - mostrando empresas
2020-07-06 01:29:07,177 - INIT - DEBUG - actualizar empresa
2020-07-06 01:29:21,752 - INIT - DEBUG - mostrando empresas
2020-07-06 01:29:29,109 - INIT - DEBUG - actualizar empresa
2020-07-06 01:29:46,406 - INIT - DEBUG - mostrando empresas
2020-07-06 01:29:54,047 - INIT - DEBUG - mostrando empresas
2020-07-06 01:30:04,360 - INIT - DEBUG - mostrando empresas
2020-07-06 01:30:07,397 - INIT - DEBUG - eliminamos empresa
2020-07-06 01:30:11,920 - INIT - DEBUG - mostrando empresas
2020-07-06 01:30:18,646 - INIT - DEBUG - finalizar Programa
2020-07-06 01:40:19,286 - INIT - INFO - inicio del programa
2020-07-06 01:40:22,205 - INIT - DEBUG - Mostramos los Mantenimientos
2020-07-06 01:40:26,454 - INIT - DEBUG - escogio 4 - Tipo Pago
2020-07-06 01:40:28,706 - INIT - DEBUG - mostrando tipo pago
2020-07-06 01:40:31,109 - INIT - DEBUG - buscamos tipo de pago
2020-07-06 01:40:50,023 - INIT - DEBUG - mostrando tipo pago
2020-07-06 01:44:16,965 - INIT - INFO - inicio del programa
2020-07-06 01:44:18,943 - INIT - DEBUG - Mostramos los Mantenimientos
2020-07-06 01:44:20,891 - INIT - DEBUG - escogio 4 - Tipo Pago
2020-07-06 01:44:23,896 - INIT - DEBUG - mostrando tipo pago
2020-07-06 01:44:42,628 - INIT - INFO - inicio del programa
2020-07-06 01:44:45,023 - INIT - DEBUG - Mostramos los Mantenimientos
2020-07-06 01:44:47,981 - INIT - DEBUG - escogio 4 - Tipo Pago
2020-07-06 01:44:50,726 - INIT - DEBUG - mostrando tipo pago
2020-07-06 01:45:03,608 - INIT - DEBUG - mostrando tipo pago
2020-07-06 01:45:07,135 - INIT - DEBUG - eliminamos tipo pago
2020-07-06 01:46:18,021 - INIT - INFO - inicio del programa
2020-07-06 01:46:21,095 - INIT - DEBUG - Mostramos los Mantenimientos
2020-07-06 01:46:22,592 - INIT - DEBUG - escogio 4 - Tipo Pago
2020-07-06 01:46:25,840 - INIT - DEBUG - mostrando tipo pago
2020-07-06 01:46:45,453 - INIT - DEBUG - mostrando tipo pago
2020-07-06 01:46:54,327 - INIT - DEBUG - actualizar tipo pago
2020-07-06 01:47:10,411 - INIT - INFO - inicio del programa
2020-07-06 01:47:26,174 - INIT - DEBUG - Mostramos los Mantenimientos
2020-07-06 01:47:33,543 - INIT - DEBUG - escogio 4 - Tipo Pago
2020-07-06 01:47:35,440 - INIT - DEBUG - mostrando tipo pago
2020-07-06 01:47:38,864 - INIT - DEBUG - actualizar tipo pago
2020-07-06 01:47:47,335 - INIT - DEBUG - mostrando tipo pago
2020-07-06 01:47:50,885 - INIT - DEBUG - eliminamos tipo pago
2020-07-06 01:47:55,606 - INIT - DEBUG - mostrando tipo pago
2020-07-06 01:48:02,136 - INIT - DEBUG - finalizar Programa
2020-07-06 23:55:33,911 - INIT - INFO - inicio del programa
2020-07-06 23:55:42,923 - INIT - DEBUG - Mostramos el Menu crear Factura
2020-07-06 23:55:45,355 - INIT - DEBUG - escogio 1 - Listar
2020-07-06 23:55:47,739 - INIT - DEBUG - escogio 2 - Buscar
2020-07-06 23:55:55,243 - INIT - DEBUG - escogio 3 - Crear
2020-07-06 23:58:41,116 - INIT - INFO - inicio del programa
2020-07-06 23:58:51,945 - INIT - DEBUG - Mostramos el Menu crear Factura
2020-07-06 23:59:13,032 - INIT - DEBUG - escogio 3 - Crear
2020-07-07 00:02:13,887 - INIT - INFO - inicio del programa
2020-07-07 00:02:24,659 - INIT - DEBUG - Mostramos el Menu crear Factura
2020-07-07 00:02:28,331 - INIT - DEBUG - escogio 3 - Crear
2020-07-07 00:03:43,380 - INIT - DEBUG - finalizar Programa
2020-07-07 00:03:47,323 - INIT - INFO - inicio del programa
2020-07-07 00:03:49,224 - INIT - DEBUG - Mostramos el Menu crear Factura
2020-07-07 00:03:51,697 - INIT - DEBUG - escogio 3 - Crear
2020-07-07 00:05:04,582 - INIT - DEBUG - finalizar Programa
2020-07-07 00:06:01,094 - INIT - INFO - inicio del programa
2020-07-07 00:06:05,089 - INIT - DEBUG - Mostramos el Menu crear Factura
2020-07-07 00:06:08,016 - INIT - DEBUG - escogio 3 - Crear
2020-07-07 00:06:27,217 - INIT - DEBUG - finalizar Programa
2020-07-07 00:07:09,272 - INIT - INFO - inicio del programa
2020-07-07 00:07:18,895 - INIT - DEBUG - Mostramos el Menu crear Factura
2020-07-07 00:07:20,315 - INIT - DEBUG - escogio 3 - Crear
2020-07-07 00:10:59,436 - INIT - DEBUG - finalizar Programa
2020-07-07 00:11:09,309 - INIT - INFO - inicio del programa
2020-07-07 00:11:13,617 - Menu - ERROR - invalid literal for int() with base 10: 'C:/Users/MARTIN/AppData/Local/Programs/Python/Python37/python.exe e:/BACKEND-PAQ/git-repositorio2/PachaQTecMayo2020/Semana6Hackaton/martinperez/app/init.py'
2020-07-07 00:11:14,419 - Menu - DEBUG - No escoje opion
2020-07-07 00:11:22,454 - INIT - DEBUG - Mostramos el Menu crear Factura
2020-07-07 00:11:25,008 - INIT - DEBUG - escogio 3 - Crear
2020-07-07 00:11:54,388 - INIT - DEBUG - finalizar Programa
2020-07-07 00:13:46,677 - INIT - INFO - inicio del programa
2020-07-07 00:13:49,329 - INIT - DEBUG - Mostramos el Menu crear Factura
2020-07-07 00:13:50,328 - INIT - DEBUG - escogio 3 - Crear
2020-07-07 00:14:02,385 - INIT - DEBUG - finalizar Programa
2020-07-07 00:15:26,982 - INIT - INFO - inicio del programa
2020-07-07 00:15:30,809 - INIT - DEBUG - Mostramos el Menu crear Factura
2020-07-07 00:15:32,540 - INIT - DEBUG - escogio 3 - Crear
2020-07-07 00:17:00,618 - INIT - DEBUG - finalizar Programa
2020-07-07 00:17:05,819 - INIT - INFO - inicio del programa
2020-07-07 00:17:08,064 - INIT - DEBUG - Mostramos el Menu crear Factura
2020-07-07 00:17:09,697 - INIT - DEBUG - escogio 3 - Crear
2020-07-07 00:24:18,394 - INIT - DEBUG - finalizar Programa
2020-07-07 00:24:24,579 - INIT - INFO - inicio del programa
2020-07-07 00:24:27,595 - INIT - DEBUG - Mostramos el Menu crear Factura
2020-07-07 00:24:29,304 - INIT - DEBUG - escogio 3 - Crear
2020-07-07 00:25:47,677 - INIT - DEBUG - finalizar Programa
2020-07-07 00:29:22,785 - INIT - INFO - inicio del programa
2020-07-07 00:29:24,908 - INIT - DEBUG - Mostramos el Menu crear Factura
2020-07-07 00:29:26,903 - INIT - DEBUG - escogio 3 - Crear
2020-07-07 00:29:55,895 - Menu - ERROR - invalid literal for int() with base 10: ''
2020-07-07 00:29:55,896 - Menu - DEBUG - No escoje opion
2020-07-07 00:30:02,857 - INIT - DEBUG - finalizar Programa
2020-07-07 00:30:07,151 - INIT - INFO - inicio del programa
2020-07-07 00:30:09,769 - INIT - DEBUG - Mostramos el Menu crear Factura
2020-07-07 00:30:11,338 - INIT - DEBUG - escogio 3 - Crear
2020-07-07 00:30:38,131 - INIT - DEBUG - finalizar Programa
2020-07-07 00:31:25,732 - INIT - INFO - inicio del programa
2020-07-07 00:31:28,329 - INIT - DEBUG - Mostramos el Menu crear Factura
2020-07-07 00:31:29,732 - INIT - DEBUG - escogio 3 - Crear
2020-07-07 00:33:20,097 - INIT - INFO - inicio del programa
2020-07-07 00:33:22,227 - INIT - DEBUG - Mostramos el Menu crear Factura
2020-07-07 00:33:23,585 - INIT - DEBUG - escogio 3 - Crear
2020-07-07 00:36:45,609 - INIT - INFO - inicio del programa
2020-07-07 00:36:50,197 - INIT - DEBUG - Mostramos el Menu crear Factura
2020-07-07 00:36:52,553 - INIT - DEBUG - escogio 3 - Crear
2020-07-07 00:37:06,185 - INIT - DEBUG - escogio 1 - Listar
2020-07-07 00:37:31,381 - INIT - DEBUG - escogio 2 - Buscar
2020-07-07 00:37:40,326 - INIT - DEBUG - escogio 1 - Listar
2020-07-07 00:37:43,113 - INIT - DEBUG - escogio 2 - Buscar
2020-07-07 00:38:03,172 - INIT - DEBUG - escogio 1 - Listar
2020-07-07 00:38:38,945 - INIT - DEBUG - finalizar Programa
2020-07-07 00:38:42,026 - INIT - INFO - inicio del programa
2020-07-07 00:38:44,382 - INIT - DEBUG - Mostramos el Menu crear Factura
2020-07-07 00:38:47,309 - INIT - DEBUG - escogio 1 - Listar
2020-07-07 00:38:49,976 - INIT - DEBUG - escogio 2 - Buscar
2020-07-07 00:44:34,549 - INIT - INFO - inicio del programa
2020-07-07 00:44:37,033 - INIT - DEBUG - Mostramos el Menu crear Factura
2020-07-07 00:44:38,793 - INIT - DEBUG - escogio 1 - Listar
2020-07-07 00:44:47,516 - INIT - DEBUG - escogio 2 - Buscar
2020-07-07 00:45:34,233 - INIT - DEBUG - escogio 3 - Crear
2020-07-07 00:46:38,180 - INIT - DEBUG - escogio 1 - Listar
2020-07-07 00:46:51,817 - INIT - DEBUG - escogio 2 - Buscar
2020-07-07 00:52:35,720 - INIT - DEBUG - finalizar Programa
2020-07-07 00:52:41,092 - INIT - INFO - inicio del programa
2020-07-07 00:52:47,809 - INIT - DEBUG - Mostramos el Menu crear Factura
2020-07-07 00:53:15,440 - INIT - DEBUG - finalizar Programa
2020-07-07 00:53:20,555 - INIT - INFO - inicio del programa
2020-07-07 00:53:22,809 - INIT - DEBUG - Mostramos el Menu crear Factura
2020-07-07 00:53:24,387 - INIT - DEBUG - escogio 1 - Listar
2020-07-07 00:53:39,564 - INIT - DEBUG - escogio 2 - Buscar
2020-07-07 00:53:51,052 - INIT - DEBUG - escogio 3 - Crear
2020-07-07 00:56:10,276 - INIT - DEBUG - finalizar Programa
2020-07-07 00:56:13,945 - INIT - INFO - inicio del programa
2020-07-07 00:56:20,452 - INIT - DEBUG - Mostramos el Menu crear Factura
2020-07-07 00:56:22,009 - INIT - DEBUG - escogio 1 - Listar
2020-07-07 00:57:46,632 - INIT - DEBUG - finalizar Programa
2020-07-07 00:57:51,704 - INIT - INFO - inicio del programa
2020-07-07 00:57:57,296 - INIT - DEBUG - Mostramos el Menu crear Factura
2020-07-07 00:57:59,269 - INIT - DEBUG - escogio 1 - Listar
2020-07-07 00:58:08,484 - INIT - DEBUG - escogio 2 - Buscar
2020-07-07 00:58:11,684 - INIT - DEBUG - escogio 2 - Buscar
2020-07-07 00:58:16,780 - INIT - DEBUG - escogio 3 - Crear
2020-07-07 00:59:07,051 - INIT - DEBUG - escogio 1 - Listar
2020-07-07 00:59:53,289 - INIT - DEBUG - finalizar Programa
2020-07-07 00:59:59,919 - INIT - INFO - inicio del programa
2020-07-07 01:00:02,075 - INIT - DEBUG - Mostramos el Menu crear Factura
2020-07-07 01:00:03,600 - INIT - DEBUG - escogio 1 - Listar
2020-07-07 01:00:14,908 - INIT - DEBUG - escogio 2 - Buscar
2020-07-07 01:03:31,399 - INIT - INFO - inicio del programa
2020-07-07 01:03:38,729 - INIT - DEBUG - Mostramos el Menu crear Factura
2020-07-07 01:03:39,739 - INIT - DEBUG - escogio 1 - Listar
2020-07-07 01:03:48,028 - INIT - DEBUG - escogio 2 - Buscar
2020-07-07 01:04:59,016 - INIT - DEBUG - escogio 1 - Listar
2020-07-07 01:05:04,577 - INIT - DEBUG - Mostramos los Mantenimientos
2020-07-07 01:05:08,916 - INIT - DEBUG - escogio 1 - Clientes
2020-07-07 01:05:10,753 - INIT - DEBUG - mostrando cliente
2020-07-07 01:05:15,918 - INIT - DEBUG - buscamos cliente
2020-07-07 01:05:27,611 - INIT - DEBUG - finalizar Programa
